Flow report for finalproject
Wed Apr 12 00:36:50 2023
Quartus Prime Version 18.1.0 Build 625 09/12/2018 SJ Lite Edition


---------------------
; Table of Contents ;
---------------------
  1. Legal Notice
  2. Flow Summary
  3. Flow Settings
  4. Flow Non-Default Global Settings
  5. Flow Elapsed Time
  6. Flow OS Summary
  7. Flow Log
  8. Flow Messages
  9. Flow Suppressed Messages



----------------
; Legal Notice ;
----------------
Copyright (C) 2018  Intel Corporation. All rights reserved.
Your use of Intel Corporation's design tools, logic functions 
and other software and tools, and its AMPP partner logic 
functions, and any output files from any of the foregoing 
(including device programming or simulation files), and any 
associated documentation or information are expressly subject 
to the terms and conditions of the Intel Program License 
Subscription Agreement, the Intel Quartus Prime License Agreement,
the Intel FPGA IP License Agreement, or other applicable license
agreement, including, without limitation, that your use is for
the sole purpose of programming logic devices manufactured by
Intel and sold by Intel or its authorized distributors.  Please
refer to the applicable agreement for further details.



+----------------------------------------------------------------------------------+
; Flow Summary                                                                     ;
+------------------------------------+---------------------------------------------+
; Flow Status                        ; Successful - Wed Apr 12 00:36:50 2023       ;
; Quartus Prime Version              ; 18.1.0 Build 625 09/12/2018 SJ Lite Edition ;
; Revision Name                      ; finalproject                                ;
; Top-level Entity Name              ; finalproject                                ;
; Family                             ; MAX 10                                      ;
; Device                             ; 10M50DAF484C7G                              ;
; Timing Models                      ; Final                                       ;
; Total logic elements               ; 3,798 / 49,760 ( 8 % )                      ;
;     Total combinational functions  ; 3,197 / 49,760 ( 6 % )                      ;
;     Dedicated logic registers      ; 2,420 / 49,760 ( 5 % )                      ;
; Total registers                    ; 2489                                        ;
; Total pins                         ; 141 / 360 ( 39 % )                          ;
; Total virtual pins                 ; 0                                           ;
; Total memory bits                  ; 11,264 / 1,677,312 ( < 1 % )                ;
; Embedded Multiplier 9-bit elements ; 0 / 288 ( 0 % )                             ;
; Total PLLs                         ; 1 / 4 ( 25 % )                              ;
; UFM blocks                         ; 0 / 1 ( 0 % )                               ;
; ADC blocks                         ; 0 / 2 ( 0 % )                               ;
+------------------------------------+---------------------------------------------+


+-----------------------------------------+
; Flow Settings                           ;
+-------------------+---------------------+
; Option            ; Setting             ;
+-------------------+---------------------+
; Start date & time ; 04/12/2023 00:35:02 ;
; Main task         ; Compilation         ;
; Revision Name     ; finalproject        ;
+-------------------+---------------------+


+--------------------------------------------------------------------------------------------------------------------------------------------------------------+
; Flow Non-Default Global Settings                                                                                                                             ;
+-------------------------------------+--------------------------------------------------------------------+---------------+------------------+----------------+
; Assignment Name                     ; Value                                                              ; Default Value ; Entity Name      ; Section Id     ;
+-------------------------------------+--------------------------------------------------------------------+---------------+------------------+----------------+
; COMPILER_SIGNATURE_ID               ; 149973182369989.168128490217112                                    ; --            ; --               ; --             ;
; EDA_OUTPUT_DATA_FORMAT              ; Systemverilog Hdl                                                  ; --            ; --               ; eda_simulation ;
; EDA_SIMULATION_TOOL                 ; ModelSim-Altera (SystemVerilog)                                    ; <None>        ; --               ; --             ;
; EDA_TIME_SCALE                      ; 1 ps                                                               ; --            ; --               ; eda_simulation ;
; MAX_CORE_JUNCTION_TEMP              ; 85                                                                 ; --            ; --               ; --             ;
; MIN_CORE_JUNCTION_TEMP              ; 0                                                                  ; --            ; --               ; --             ;
; MISC_FILE                           ; finalprojectqsys/synthesis/../finalprojectqsys.cmp                 ; --            ; --               ; --             ;
; MISC_FILE                           ; finalprojectqsys/synthesis/../../finalprojectqsys.qsys             ; --            ; --               ; --             ;
; MISC_FILE                           ; ram_bb.v                                                           ; --            ; --               ; --             ;
; PARTITION_COLOR                     ; -- (Not supported for targeted family)                             ; --            ; --               ; Top            ;
; PARTITION_FITTER_PRESERVATION_LEVEL ; -- (Not supported for targeted family)                             ; --            ; --               ; Top            ;
; PARTITION_NETLIST_TYPE              ; -- (Not supported for targeted family)                             ; --            ; --               ; Top            ;
; POWER_BOARD_THERMAL_MODEL           ; None (CONSERVATIVE)                                                ; --            ; --               ; --             ;
; POWER_PRESET_COOLING_SOLUTION       ; 23 MM HEAT SINK WITH 200 LFPM AIRFLOW                              ; --            ; --               ; --             ;
; PROJECT_OUTPUT_DIRECTORY            ; output_files                                                       ; --            ; --               ; --             ;
; SLD_FILE                            ; finalprojectqsys/synthesis/finalprojectqsys.regmap                 ; --            ; --               ; --             ;
; SLD_FILE                            ; finalprojectqsys/synthesis/finalprojectqsys.debuginfo              ; --            ; --               ; --             ;
; SLD_INFO                            ; QSYS_NAME finalprojectqsys HAS_SOPCINFO 1 GENERATION_ID 1681282653 ; --            ; finalprojectqsys ; --             ;
; SOPCINFO_FILE                       ; finalprojectqsys/synthesis/../../finalprojectqsys.sopcinfo         ; --            ; --               ; --             ;
; SYNTHESIS_ONLY_QIP                  ; On                                                                 ; --            ; --               ; --             ;
+-------------------------------------+--------------------------------------------------------------------+---------------+------------------+----------------+


+--------------------------------------------------------------------------------------------------------------------------+
; Flow Elapsed Time                                                                                                        ;
+----------------------+--------------+-------------------------+---------------------+------------------------------------+
; Module Name          ; Elapsed Time ; Average Processors Used ; Peak Virtual Memory ; Total CPU Time (on all processors) ;
+----------------------+--------------+-------------------------+---------------------+------------------------------------+
; Analysis & Synthesis ; 00:00:45     ; 1.0                     ; 4985 MB             ; 00:01:13                           ;
; Fitter               ; 00:00:39     ; 1.2                     ; 5766 MB             ; 00:00:56                           ;
; Assembler            ; 00:00:04     ; 1.0                     ; 4698 MB             ; 00:00:04                           ;
; Timing Analyzer      ; 00:00:07     ; 1.7                     ; 4874 MB             ; 00:00:10                           ;
; EDA Netlist Writer   ; 00:00:03     ; 1.0                     ; 4722 MB             ; 00:00:04                           ;
; Total                ; 00:01:38     ; --                      ; --                  ; 00:02:27                           ;
+----------------------+--------------+-------------------------+---------------------+------------------------------------+


+------------------------------------------------------------------------------------+
; Flow OS Summary                                                                    ;
+----------------------+------------------+------------+------------+----------------+
; Module Name          ; Machine Hostname ; OS Name    ; OS Version ; Processor type ;
+----------------------+------------------+------------+------------+----------------+
; Analysis & Synthesis ; DESKTOP-57VH77O  ; Windows 10 ; 10.0       ; x86_64         ;
; Fitter               ; DESKTOP-57VH77O  ; Windows 10 ; 10.0       ; x86_64         ;
; Assembler            ; DESKTOP-57VH77O  ; Windows 10 ; 10.0       ; x86_64         ;
; Timing Analyzer      ; DESKTOP-57VH77O  ; Windows 10 ; 10.0       ; x86_64         ;
; EDA Netlist Writer   ; DESKTOP-57VH77O  ; Windows 10 ; 10.0       ; x86_64         ;
+----------------------+------------------+------------+------------+----------------+


------------
; Flow Log ;
------------
quartus_map --read_settings_files=on --write_settings_files=off finalproject -c finalproject
quartus_fit --read_settings_files=off --write_settings_files=off finalproject -c finalproject
quartus_asm --read_settings_files=off --write_settings_files=off finalproject -c finalproject
quartus_sta finalproject -c finalproject
quartus_eda --read_settings_files=off --write_settings_files=off finalproject -c finalproject



