Info: Starting: Create simulation model
Info: qsys-generate C:\Users\Boyer\Documents\FinalProject\finalprojectqsys.qsys --simulation=VERILOG --allow-mixed-language-simulation --output-directory=C:\Users\Boyer\Documents\FinalProject\finalprojectqsys\simulation --family="MAX 10" --part=10M50DAF484C7G
Progress: Loading FinalProject/finalprojectqsys.qsys
Progress: Reading input file
Progress: Adding VGA_text_mode_controller_0 [VGA_text_mode_controller 1.0]
Warning: VGA_text_mode_controller_0: Used VGA_text_mode_controller 1.1 (instead of 1.0)
Progress: Parameterizing module VGA_text_mode_controller_0
Progress: Adding clk_0 [clock_source 18.1]
Progress: Parameterizing module clk_0
Progress: Adding hex_digits_pio [altera_avalon_pio 18.1]
Progress: Parameterizing module hex_digits_pio
Progress: Adding jtag_uart_0 [altera_avalon_jtag_uart 18.1]
Progress: Parameterizing module jtag_uart_0
Progress: Adding key [altera_avalon_pio 18.1]
Progress: Parameterizing module key
Progress: Adding keycode [altera_avalon_pio 18.1]
Progress: Parameterizing module keycode
Progress: Adding leds_pio [altera_avalon_pio 18.1]
Progress: Parameterizing module leds_pio
Progress: Adding nios2_gen2_0 [altera_nios2_gen2 18.1]
Progress: Parameterizing module nios2_gen2_0
Progress: Adding sdram [altera_avalon_new_sdram_controller 18.1]
Progress: Parameterizing module sdram
Progress: Adding sdram_pll [altpll 18.1]
Progress: Parameterizing module sdram_pll
Progress: Adding spi_0 [altera_avalon_spi 18.1]
Progress: Parameterizing module spi_0
Progress: Adding sysid_qsys_0 [altera_avalon_sysid_qsys 18.1]
Progress: Parameterizing module sysid_qsys_0
Progress: Adding timer_0 [altera_avalon_timer 18.1]
Progress: Parameterizing module timer_0
Progress: Adding usb_gpx [altera_avalon_pio 18.1]
Progress: Parameterizing module usb_gpx
Progress: Adding usb_irq [altera_avalon_pio 18.1]
Progress: Parameterizing module usb_irq
Progress: Adding usb_rst [altera_avalon_pio 18.1]
Progress: Parameterizing module usb_rst
Progress: Building connections
Progress: Parameterizing connections
Progress: Validating
Progress: Done reading input file
Warning: finalprojectqsys.VGA_text_mode_controller: The SIM_VERILOG fileset must specify the top-level module name.
Info: finalprojectqsys.jtag_uart_0: JTAG UART IP input clock need to be at least double (2x) the operating frequency of JTAG TCK on board
Info: finalprojectqsys.key: PIO inputs are not hardwired in test bench. Undefined values will be read from PIO inputs during simulation.
Info: finalprojectqsys.sdram: SDRAM Controller will only be supported in Quartus Prime Standard Edition in the future release.
Info: finalprojectqsys.sysid_qsys_0: System ID is not assigned automatically. Edit the System ID parameter to provide a unique ID
Info: finalprojectqsys.sysid_qsys_0: Time stamp will be automatically updated when this component is generated.
Info: finalprojectqsys.usb_gpx: PIO inputs are not hardwired in test bench. Undefined values will be read from PIO inputs during simulation.
Info: finalprojectqsys.usb_irq: PIO inputs are not hardwired in test bench. Undefined values will be read from PIO inputs during simulation.
Info: finalprojectqsys: Generating finalprojectqsys "finalprojectqsys" for SIM_VERILOG
Info: Inserting clock-crossing logic between cmd_demux.src5 and cmd_mux_005.sink0
Info: Inserting clock-crossing logic between cmd_demux_001.src5 and cmd_mux_005.sink1
Info: Inserting clock-crossing logic between rsp_demux_005.src0 and rsp_mux.sink5
Info: Inserting clock-crossing logic between rsp_demux_005.src1 and rsp_mux_001.sink5
Info: VGA_text_mode_controller_0: "finalprojectqsys" instantiated VGA_text_mode_controller "VGA_text_mode_controller_0"
Info: hex_digits_pio: Starting RTL generation for module 'finalprojectqsys_hex_digits_pio'
Info: hex_digits_pio:   Generation command is [exec C:/intelfpga_lite/18.1/quartus/bin64/perl/bin/perl.exe -I C:/intelfpga_lite/18.1/quartus/bin64/perl/lib -I C:/intelfpga_lite/18.1/quartus/sopc_builder/bin/europa -I C:/intelfpga_lite/18.1/quartus/sopc_builder/bin/perl_lib -I C:/intelfpga_lite/18.1/quartus/sopc_builder/bin -I C:/intelfpga_lite/18.1/quartus/../ip/altera/sopc_builder_ip/common -I C:/intelfpga_lite/18.1/quartus/../ip/altera/sopc_builder_ip/altera_avalon_pio -- C:/intelfpga_lite/18.1/quartus/../ip/altera/sopc_builder_ip/altera_avalon_pio/generate_rtl.pl --name=finalprojectqsys_hex_digits_pio --dir=C:/Users/Boyer/AppData/Local/Temp/alt9459_4968831271818657084.dir/0074_hex_digits_pio_gen/ --quartus_dir=C:/intelfpga_lite/18.1/quartus --verilog --config=C:/Users/Boyer/AppData/Local/Temp/alt9459_4968831271818657084.dir/0074_hex_digits_pio_gen//finalprojectqsys_hex_digits_pio_component_configuration.pl  --do_build_sim=1    --sim_dir=C:/Users/Boyer/AppData/Local/Temp/alt9459_4968831271818657084.dir/0074_hex_digits_pio_gen/  ]
Info: hex_digits_pio: Done RTL generation for module 'finalprojectqsys_hex_digits_pio'
Info: hex_digits_pio: "finalprojectqsys" instantiated altera_avalon_pio "hex_digits_pio"
Info: jtag_uart_0: Starting RTL generation for module 'finalprojectqsys_jtag_uart_0'
Info: jtag_uart_0:   Generation command is [exec C:/intelfpga_lite/18.1/quartus/bin64/perl/bin/perl.exe -I C:/intelfpga_lite/18.1/quartus/bin64/perl/lib -I C:/intelfpga_lite/18.1/quartus/sopc_builder/bin/europa -I C:/intelfpga_lite/18.1/quartus/sopc_builder/bin/perl_lib -I C:/intelfpga_lite/18.1/quartus/sopc_builder/bin -I C:/intelfpga_lite/18.1/quartus/../ip/altera/sopc_builder_ip/common -I C:/intelfpga_lite/18.1/quartus/../ip/altera/sopc_builder_ip/altera_avalon_jtag_uart -- C:/intelfpga_lite/18.1/quartus/../ip/altera/sopc_builder_ip/altera_avalon_jtag_uart/generate_rtl.pl --name=finalprojectqsys_jtag_uart_0 --dir=C:/Users/Boyer/AppData/Local/Temp/alt9459_4968831271818657084.dir/0075_jtag_uart_0_gen/ --quartus_dir=C:/intelfpga_lite/18.1/quartus --verilog --config=C:/Users/Boyer/AppData/Local/Temp/alt9459_4968831271818657084.dir/0075_jtag_uart_0_gen//finalprojectqsys_jtag_uart_0_component_configuration.pl  --do_build_sim=1    --sim_dir=C:/Users/Boyer/AppData/Local/Temp/alt9459_4968831271818657084.dir/0075_jtag_uart_0_gen/  ]
Info: jtag_uart_0: Done RTL generation for module 'finalprojectqsys_jtag_uart_0'
Info: jtag_uart_0: "finalprojectqsys" instantiated altera_avalon_jtag_uart "jtag_uart_0"
Info: key: Starting RTL generation for module 'finalprojectqsys_key'
Info: key:   Generation command is [exec C:/intelfpga_lite/18.1/quartus/bin64/perl/bin/perl.exe -I C:/intelfpga_lite/18.1/quartus/bin64/perl/lib -I C:/intelfpga_lite/18.1/quartus/sopc_builder/bin/europa -I C:/intelfpga_lite/18.1/quartus/sopc_builder/bin/perl_lib -I C:/intelfpga_lite/18.1/quartus/sopc_builder/bin -I C:/intelfpga_lite/18.1/quartus/../ip/altera/sopc_builder_ip/common -I C:/intelfpga_lite/18.1/quartus/../ip/altera/sopc_builder_ip/altera_avalon_pio -- C:/intelfpga_lite/18.1/quartus/../ip/altera/sopc_builder_ip/altera_avalon_pio/generate_rtl.pl --name=finalprojectqsys_key --dir=C:/Users/Boyer/AppData/Local/Temp/alt9459_4968831271818657084.dir/0076_key_gen/ --quartus_dir=C:/intelfpga_lite/18.1/quartus --verilog --config=C:/Users/Boyer/AppData/Local/Temp/alt9459_4968831271818657084.dir/0076_key_gen//finalprojectqsys_key_component_configuration.pl  --do_build_sim=1    --sim_dir=C:/Users/Boyer/AppData/Local/Temp/alt9459_4968831271818657084.dir/0076_key_gen/  ]
Info: key: Done RTL generation for module 'finalprojectqsys_key'
Info: key: "finalprojectqsys" instantiated altera_avalon_pio "key"
Info: keycode: Starting RTL generation for module 'finalprojectqsys_keycode'
Info: keycode:   Generation command is [exec C:/intelfpga_lite/18.1/quartus/bin64/perl/bin/perl.exe -I C:/intelfpga_lite/18.1/quartus/bin64/perl/lib -I C:/intelfpga_lite/18.1/quartus/sopc_builder/bin/europa -I C:/intelfpga_lite/18.1/quartus/sopc_builder/bin/perl_lib -I C:/intelfpga_lite/18.1/quartus/sopc_builder/bin -I C:/intelfpga_lite/18.1/quartus/../ip/altera/sopc_builder_ip/common -I C:/intelfpga_lite/18.1/quartus/../ip/altera/sopc_builder_ip/altera_avalon_pio -- C:/intelfpga_lite/18.1/quartus/../ip/altera/sopc_builder_ip/altera_avalon_pio/generate_rtl.pl --name=finalprojectqsys_keycode --dir=C:/Users/Boyer/AppData/Local/Temp/alt9459_4968831271818657084.dir/0077_keycode_gen/ --quartus_dir=C:/intelfpga_lite/18.1/quartus --verilog --config=C:/Users/Boyer/AppData/Local/Temp/alt9459_4968831271818657084.dir/0077_keycode_gen//finalprojectqsys_keycode_component_configuration.pl  --do_build_sim=1    --sim_dir=C:/Users/Boyer/AppData/Local/Temp/alt9459_4968831271818657084.dir/0077_keycode_gen/  ]
Info: keycode: Done RTL generation for module 'finalprojectqsys_keycode'
Info: keycode: "finalprojectqsys" instantiated altera_avalon_pio "keycode"
Info: leds_pio: Starting RTL generation for module 'finalprojectqsys_leds_pio'
Info: leds_pio:   Generation command is [exec C:/intelfpga_lite/18.1/quartus/bin64/perl/bin/perl.exe -I C:/intelfpga_lite/18.1/quartus/bin64/perl/lib -I C:/intelfpga_lite/18.1/quartus/sopc_builder/bin/europa -I C:/intelfpga_lite/18.1/quartus/sopc_builder/bin/perl_lib -I C:/intelfpga_lite/18.1/quartus/sopc_builder/bin -I C:/intelfpga_lite/18.1/quartus/../ip/altera/sopc_builder_ip/common -I C:/intelfpga_lite/18.1/quartus/../ip/altera/sopc_builder_ip/altera_avalon_pio -- C:/intelfpga_lite/18.1/quartus/../ip/altera/sopc_builder_ip/altera_avalon_pio/generate_rtl.pl --name=finalprojectqsys_leds_pio --dir=C:/Users/Boyer/AppData/Local/Temp/alt9459_4968831271818657084.dir/0078_leds_pio_gen/ --quartus_dir=C:/intelfpga_lite/18.1/quartus --verilog --config=C:/Users/Boyer/AppData/Local/Temp/alt9459_4968831271818657084.dir/0078_leds_pio_gen//finalprojectqsys_leds_pio_component_configuration.pl  --do_build_sim=1    --sim_dir=C:/Users/Boyer/AppData/Local/Temp/alt9459_4968831271818657084.dir/0078_leds_pio_gen/  ]
Info: leds_pio: Done RTL generation for module 'finalprojectqsys_leds_pio'
Info: leds_pio: "finalprojectqsys" instantiated altera_avalon_pio "leds_pio"
Info: nios2_gen2_0: "finalprojectqsys" instantiated altera_nios2_gen2 "nios2_gen2_0"
Info: sdram: Starting RTL generation for module 'finalprojectqsys_sdram'
Info: sdram:   Generation command is [exec C:/intelfpga_lite/18.1/quartus/bin64/perl/bin/perl.exe -I C:/intelfpga_lite/18.1/quartus/bin64/perl/lib -I C:/intelfpga_lite/18.1/quartus/sopc_builder/bin/europa -I C:/intelfpga_lite/18.1/quartus/sopc_builder/bin/perl_lib -I C:/intelfpga_lite/18.1/quartus/sopc_builder/bin -I C:/intelfpga_lite/18.1/quartus/../ip/altera/sopc_builder_ip/common -I C:/intelfpga_lite/18.1/quartus/../ip/altera/sopc_builder_ip/altera_avalon_new_sdram_controller -- C:/intelfpga_lite/18.1/quartus/../ip/altera/sopc_builder_ip/altera_avalon_new_sdram_controller/generate_rtl.pl --name=finalprojectqsys_sdram --dir=C:/Users/Boyer/AppData/Local/Temp/alt9459_4968831271818657084.dir/0079_sdram_gen/ --quartus_dir=C:/intelfpga_lite/18.1/quartus --verilog --config=C:/Users/Boyer/AppData/Local/Temp/alt9459_4968831271818657084.dir/0079_sdram_gen//finalprojectqsys_sdram_component_configuration.pl  --do_build_sim=1    --sim_dir=C:/Users/Boyer/AppData/Local/Temp/alt9459_4968831271818657084.dir/0079_sdram_gen/  ]
Info: sdram: Done RTL generation for module 'finalprojectqsys_sdram'
Info: sdram: "finalprojectqsys" instantiated altera_avalon_new_sdram_controller "sdram"
Info: sdram_pll: Generating Verilog simulation model
Warning: Number of processors has not been specified which may cause overloading on shared machines.  Set the global assignment NUM_PARALLEL_PROCESSORS in your QSF to an appropriate value for best performance.
Info: sdram_pll: Generated simulation model finalprojectqsys_sdram_pll.vo
Info: sdram_pll: "finalprojectqsys" instantiated altpll "sdram_pll"
Info: spi_0: Starting RTL generation for module 'finalprojectqsys_spi_0'
Info: spi_0:   Generation command is [exec C:/intelfpga_lite/18.1/quartus/bin64/perl/bin/perl.exe -I C:/intelfpga_lite/18.1/quartus/bin64/perl/lib -I C:/intelfpga_lite/18.1/quartus/sopc_builder/bin/europa -I C:/intelfpga_lite/18.1/quartus/sopc_builder/bin/perl_lib -I C:/intelfpga_lite/18.1/quartus/sopc_builder/bin -I C:/intelfpga_lite/18.1/quartus/../ip/altera/sopc_builder_ip/common -I C:/intelfpga_lite/18.1/quartus/../ip/altera/sopc_builder_ip/altera_avalon_spi -- C:/intelfpga_lite/18.1/quartus/../ip/altera/sopc_builder_ip/altera_avalon_spi/generate_rtl.pl --name=finalprojectqsys_spi_0 --dir=C:/Users/Boyer/AppData/Local/Temp/alt9459_4968831271818657084.dir/0084_spi_0_gen/ --quartus_dir=C:/intelfpga_lite/18.1/quartus --verilog --config=C:/Users/Boyer/AppData/Local/Temp/alt9459_4968831271818657084.dir/0084_spi_0_gen//finalprojectqsys_spi_0_component_configuration.pl  --do_build_sim=1    --sim_dir=C:/Users/Boyer/AppData/Local/Temp/alt9459_4968831271818657084.dir/0084_spi_0_gen/  ]
Info: spi_0: Done RTL generation for module 'finalprojectqsys_spi_0'
Info: spi_0: "finalprojectqsys" instantiated altera_avalon_spi "spi_0"
Info: sysid_qsys_0: "finalprojectqsys" instantiated altera_avalon_sysid_qsys "sysid_qsys_0"
Info: timer_0: Starting RTL generation for module 'finalprojectqsys_timer_0'
Info: timer_0:   Generation command is [exec C:/intelFPGA_lite/18.1/quartus/bin64//perl/bin/perl.exe -I C:/intelFPGA_lite/18.1/quartus/bin64//perl/lib -I C:/intelfpga_lite/18.1/quartus/sopc_builder/bin/europa -I C:/intelfpga_lite/18.1/quartus/sopc_builder/bin/perl_lib -I C:/intelfpga_lite/18.1/quartus/sopc_builder/bin -I C:/intelfpga_lite/18.1/quartus/../ip/altera/sopc_builder_ip/common -I C:/intelfpga_lite/18.1/quartus/../ip/altera/sopc_builder_ip/altera_avalon_timer -- C:/intelfpga_lite/18.1/quartus/../ip/altera/sopc_builder_ip/altera_avalon_timer/generate_rtl.pl --name=finalprojectqsys_timer_0 --dir=C:/Users/Boyer/AppData/Local/Temp/alt9459_4968831271818657084.dir/0086_timer_0_gen/ --quartus_dir=C:/intelfpga_lite/18.1/quartus --verilog --config=C:/Users/Boyer/AppData/Local/Temp/alt9459_4968831271818657084.dir/0086_timer_0_gen//finalprojectqsys_timer_0_component_configuration.pl  --do_build_sim=1    --sim_dir=C:/Users/Boyer/AppData/Local/Temp/alt9459_4968831271818657084.dir/0086_timer_0_gen/  ]
Info: timer_0: Done RTL generation for module 'finalprojectqsys_timer_0'
Info: timer_0: "finalprojectqsys" instantiated altera_avalon_timer "timer_0"
Info: usb_gpx: Starting RTL generation for module 'finalprojectqsys_usb_gpx'
Info: usb_gpx:   Generation command is [exec C:/intelfpga_lite/18.1/quartus/bin64/perl/bin/perl.exe -I C:/intelfpga_lite/18.1/quartus/bin64/perl/lib -I C:/intelfpga_lite/18.1/quartus/sopc_builder/bin/europa -I C:/intelfpga_lite/18.1/quartus/sopc_builder/bin/perl_lib -I C:/intelfpga_lite/18.1/quartus/sopc_builder/bin -I C:/intelfpga_lite/18.1/quartus/../ip/altera/sopc_builder_ip/common -I C:/intelfpga_lite/18.1/quartus/../ip/altera/sopc_builder_ip/altera_avalon_pio -- C:/intelfpga_lite/18.1/quartus/../ip/altera/sopc_builder_ip/altera_avalon_pio/generate_rtl.pl --name=finalprojectqsys_usb_gpx --dir=C:/Users/Boyer/AppData/Local/Temp/alt9459_4968831271818657084.dir/0087_usb_gpx_gen/ --quartus_dir=C:/intelfpga_lite/18.1/quartus --verilog --config=C:/Users/Boyer/AppData/Local/Temp/alt9459_4968831271818657084.dir/0087_usb_gpx_gen//finalprojectqsys_usb_gpx_component_configuration.pl  --do_build_sim=1    --sim_dir=C:/Users/Boyer/AppData/Local/Temp/alt9459_4968831271818657084.dir/0087_usb_gpx_gen/  ]
Info: usb_gpx: Done RTL generation for module 'finalprojectqsys_usb_gpx'
Info: usb_gpx: "finalprojectqsys" instantiated altera_avalon_pio "usb_gpx"
Info: usb_rst: Starting RTL generation for module 'finalprojectqsys_usb_rst'
Info: usb_rst:   Generation command is [exec C:/intelfpga_lite/18.1/quartus/bin64/perl/bin/perl.exe -I C:/intelfpga_lite/18.1/quartus/bin64/perl/lib -I C:/intelfpga_lite/18.1/quartus/sopc_builder/bin/europa -I C:/intelfpga_lite/18.1/quartus/sopc_builder/bin/perl_lib -I C:/intelfpga_lite/18.1/quartus/sopc_builder/bin -I C:/intelfpga_lite/18.1/quartus/../ip/altera/sopc_builder_ip/common -I C:/intelfpga_lite/18.1/quartus/../ip/altera/sopc_builder_ip/altera_avalon_pio -- C:/intelfpga_lite/18.1/quartus/../ip/altera/sopc_builder_ip/altera_avalon_pio/generate_rtl.pl --name=finalprojectqsys_usb_rst --dir=C:/Users/Boyer/AppData/Local/Temp/alt9459_4968831271818657084.dir/0088_usb_rst_gen/ --quartus_dir=C:/intelfpga_lite/18.1/quartus --verilog --config=C:/Users/Boyer/AppData/Local/Temp/alt9459_4968831271818657084.dir/0088_usb_rst_gen//finalprojectqsys_usb_rst_component_configuration.pl  --do_build_sim=1    --sim_dir=C:/Users/Boyer/AppData/Local/Temp/alt9459_4968831271818657084.dir/0088_usb_rst_gen/  ]
Info: usb_rst: Done RTL generation for module 'finalprojectqsys_usb_rst'
Info: usb_rst: "finalprojectqsys" instantiated altera_avalon_pio "usb_rst"
Info: avalon_st_adapter: Inserting error_adapter: error_adapter_0
Info: avalon_st_adapter_001: Inserting error_adapter: error_adapter_0
Info: avalon_st_adapter_002: Inserting error_adapter: error_adapter_0
Info: avalon_st_adapter_003: Inserting error_adapter: error_adapter_0
Info: avalon_st_adapter_004: Inserting error_adapter: error_adapter_0
Info: avalon_st_adapter_005: Inserting error_adapter: error_adapter_0
Info: avalon_st_adapter_006: Inserting error_adapter: error_adapter_0
Info: avalon_st_adapter_007: Inserting error_adapter: error_adapter_0
Info: avalon_st_adapter_008: Inserting error_adapter: error_adapter_0
Info: avalon_st_adapter_009: Inserting error_adapter: error_adapter_0
Info: avalon_st_adapter_010: Inserting error_adapter: error_adapter_0
Info: avalon_st_adapter_011: Inserting error_adapter: error_adapter_0
Info: avalon_st_adapter_012: Inserting error_adapter: error_adapter_0
Info: avalon_st_adapter_013: Inserting error_adapter: error_adapter_0
Info: avalon_st_adapter_014: Inserting error_adapter: error_adapter_0
Info: mm_interconnect_0: "finalprojectqsys" instantiated altera_mm_interconnect "mm_interconnect_0"
Info: irq_mapper: "finalprojectqsys" instantiated altera_irq_mapper "irq_mapper"
Info: rst_controller: "finalprojectqsys" instantiated altera_reset_controller "rst_controller"
Info: cpu: Starting RTL generation for module 'finalprojectqsys_nios2_gen2_0_cpu'
Info: cpu:   Generation command is [exec C:/intelFPGA_lite/18.1/quartus/bin64//eperlcmd.exe -I C:/intelFPGA_lite/18.1/quartus/bin64//perl/lib -I C:/intelfpga_lite/18.1/quartus/sopc_builder/bin/europa -I C:/intelfpga_lite/18.1/quartus/sopc_builder/bin/perl_lib -I C:/intelfpga_lite/18.1/quartus/sopc_builder/bin -I C:/intelfpga_lite/18.1/quartus/../ip/altera/nios2_ip/altera_nios2_gen2/cpu_lib -I C:/intelfpga_lite/18.1/quartus/../ip/altera/nios2_ip/altera_nios2_gen2/nios_lib -I C:/intelfpga_lite/18.1/quartus/../ip/altera/nios2_ip/altera_nios2_gen2 -I C:/intelfpga_lite/18.1/quartus/../ip/altera/nios2_ip/altera_nios2_gen2 -- C:/intelfpga_lite/18.1/quartus/../ip/altera/nios2_ip/altera_nios2_gen2/generate_rtl.epl --name=finalprojectqsys_nios2_gen2_0_cpu --dir=C:/Users/Boyer/AppData/Local/Temp/alt9459_4968831271818657084.dir/0091_cpu_gen/ --quartus_bindir=C:/intelFPGA_lite/18.1/quartus/bin64/ --verilog --config=C:/Users/Boyer/AppData/Local/Temp/alt9459_4968831271818657084.dir/0091_cpu_gen//finalprojectqsys_nios2_gen2_0_cpu_processor_configuration.pl  --do_build_sim=1    --sim_dir=C:/Users/Boyer/AppData/Local/Temp/alt9459_4968831271818657084.dir/0091_cpu_gen/  ]
Info: cpu: # 2023.04.11 23:54:02 (*) Starting Nios II generation
Info: cpu: # 2023.04.11 23:54:02 (*)   Checking for plaintext license.
Info: cpu: # 2023.04.11 23:54:03 (*)   Couldn't query license setup in Quartus directory C:/intelFPGA_lite/18.1/quartus/bin64/
Info: cpu: # 2023.04.11 23:54:03 (*)   Defaulting to contents of LM_LICENSE_FILE environment variable
Info: cpu: # 2023.04.11 23:54:03 (*)   LM_LICENSE_FILE environment variable is empty
Info: cpu: # 2023.04.11 23:54:03 (*)   Plaintext license not found.
Info: cpu: # 2023.04.11 23:54:03 (*)   No license required to generate encrypted Nios II/e.
Info: cpu: # 2023.04.11 23:54:03 (*)   Elaborating CPU configuration settings
Info: cpu: # 2023.04.11 23:54:03 (*)   Creating all objects for CPU
Info: cpu: # 2023.04.11 23:54:04 (*)   Creating 'C:/Users/Boyer/AppData/Local/Temp/alt9459_4968831271818657084.dir/0091_cpu_gen//finalprojectqsys_nios2_gen2_0_cpu_nios2_waves.do'
Info: cpu: # 2023.04.11 23:54:04 (*)   Generating RTL from CPU objects
Info: cpu: # 2023.04.11 23:54:04 (*)   Creating plain-text RTL
Info: cpu: # 2023.04.11 23:54:05 (*) Done Nios II generation
Info: cpu: Done RTL generation for module 'finalprojectqsys_nios2_gen2_0_cpu'
Info: cpu: "nios2_gen2_0" instantiated altera_nios2_gen2_unit "cpu"
Info: nios2_gen2_0_data_master_translator: "mm_interconnect_0" instantiated altera_merlin_master_translator "nios2_gen2_0_data_master_translator"
Info: jtag_uart_0_avalon_jtag_slave_translator: "mm_interconnect_0" instantiated altera_merlin_slave_translator "jtag_uart_0_avalon_jtag_slave_translator"
Info: nios2_gen2_0_data_master_agent: "mm_interconnect_0" instantiated altera_merlin_master_agent "nios2_gen2_0_data_master_agent"
Info: jtag_uart_0_avalon_jtag_slave_agent: "mm_interconnect_0" instantiated altera_merlin_slave_agent "jtag_uart_0_avalon_jtag_slave_agent"
Info: jtag_uart_0_avalon_jtag_slave_agent_rsp_fifo: "mm_interconnect_0" instantiated altera_avalon_sc_fifo "jtag_uart_0_avalon_jtag_slave_agent_rsp_fifo"
Info: router: "mm_interconnect_0" instantiated altera_merlin_router "router"
Info: router_002: "mm_interconnect_0" instantiated altera_merlin_router "router_002"
Info: router_007: "mm_interconnect_0" instantiated altera_merlin_router "router_007"
Info: sdram_s1_burst_adapter: "mm_interconnect_0" instantiated altera_merlin_burst_adapter "sdram_s1_burst_adapter"
Info: cmd_demux: "mm_interconnect_0" instantiated altera_merlin_demultiplexer "cmd_demux"
Info: cmd_mux: "mm_interconnect_0" instantiated altera_merlin_multiplexer "cmd_mux"
Info: rsp_demux: "mm_interconnect_0" instantiated altera_merlin_demultiplexer "rsp_demux"
Info: rsp_mux: "mm_interconnect_0" instantiated altera_merlin_multiplexer "rsp_mux"
Info: Reusing file C:/Users/Boyer/Documents/FinalProject/finalprojectqsys/simulation/submodules/altera_merlin_arbitrator.sv
Info: sdram_s1_rsp_width_adapter: "mm_interconnect_0" instantiated altera_merlin_width_adapter "sdram_s1_rsp_width_adapter"
Info: Reusing file C:/Users/Boyer/Documents/FinalProject/finalprojectqsys/simulation/submodules/altera_merlin_address_alignment.sv
Info: Reusing file C:/Users/Boyer/Documents/FinalProject/finalprojectqsys/simulation/submodules/altera_merlin_burst_uncompressor.sv
Info: crosser: "mm_interconnect_0" instantiated altera_avalon_st_handshake_clock_crosser "crosser"
Info: Reusing file C:/Users/Boyer/Documents/FinalProject/finalprojectqsys/simulation/submodules/altera_avalon_st_pipeline_base.v
Info: avalon_st_adapter: "mm_interconnect_0" instantiated altera_avalon_st_adapter "avalon_st_adapter"
Info: avalon_st_adapter_005: "mm_interconnect_0" instantiated altera_avalon_st_adapter "avalon_st_adapter_005"
Info: error_adapter_0: "avalon_st_adapter" instantiated error_adapter "error_adapter_0"
Info: error_adapter_0: "avalon_st_adapter_005" instantiated error_adapter "error_adapter_0"
Info: finalprojectqsys: Done "finalprojectqsys" with 38 modules, 69 files
Info: qsys-generate succeeded.
Info: Finished: Create simulation model
Info: Starting: Create Modelsim Project.
Info: sim-script-gen --spd=C:\Users\Boyer\Documents\FinalProject\finalprojectqsys\finalprojectqsys.spd --output-directory=C:/Users/Boyer/Documents/FinalProject/finalprojectqsys/simulation/ --use-relative-paths=true
Info: Doing: ip-make-simscript --spd=C:\Users\Boyer\Documents\FinalProject\finalprojectqsys\finalprojectqsys.spd --output-directory=C:/Users/Boyer/Documents/FinalProject/finalprojectqsys/simulation/ --use-relative-paths=true
Info: Generating the following file(s) for MODELSIM simulator in C:/Users/Boyer/Documents/FinalProject/finalprojectqsys/simulation/ directory:
Info: 	mentor/msim_setup.tcl
Info: Generating the following file(s) for VCS simulator in C:/Users/Boyer/Documents/FinalProject/finalprojectqsys/simulation/ directory:
Info: 	synopsys/vcs/vcs_setup.sh
Info: Generating the following file(s) for VCSMX simulator in C:/Users/Boyer/Documents/FinalProject/finalprojectqsys/simulation/ directory:
Info: 	synopsys/vcsmx/synopsys_sim.setup
Info: 	synopsys/vcsmx/vcsmx_setup.sh
Info: Generating the following file(s) for NCSIM simulator in C:/Users/Boyer/Documents/FinalProject/finalprojectqsys/simulation/ directory:
Info: 	cadence/cds.lib
Info: 	cadence/hdl.var
Info: 	cadence/ncsim_setup.sh
Info: 	36 .cds.lib files in cadence/cds_libs/ directory
Info: Generating the following file(s) for RIVIERA simulator in C:/Users/Boyer/Documents/FinalProject/finalprojectqsys/simulation/ directory:
Info: 	aldec/rivierapro_setup.tcl
Info: For information on how to simulate your IP, see the explanatory comments in the simulator-specific subdirectories under C:/Users/Boyer/Documents/FinalProject/finalprojectqsys/simulation/.
Info: Regenerate these scripts whenever you make any change to any Quartus-generated IP in your project.
Info: Finished: Create Modelsim Project.
Info: Starting: Create block symbol file (.bsf)
Info: qsys-generate C:\Users\Boyer\Documents\FinalProject\finalprojectqsys.qsys --block-symbol-file --output-directory=C:\Users\Boyer\Documents\FinalProject\finalprojectqsys --family="MAX 10" --part=10M50DAF484C7G
Progress: Loading FinalProject/finalprojectqsys.qsys
Progress: Reading input file
Progress: Adding VGA_text_mode_controller_0 [VGA_text_mode_controller 1.0]
Warning: VGA_text_mode_controller_0: Used VGA_text_mode_controller 1.1 (instead of 1.0)
Progress: Parameterizing module VGA_text_mode_controller_0
Progress: Adding clk_0 [clock_source 18.1]
Progress: Parameterizing module clk_0
Progress: Adding hex_digits_pio [altera_avalon_pio 18.1]
Progress: Parameterizing module hex_digits_pio
Progress: Adding jtag_uart_0 [altera_avalon_jtag_uart 18.1]
Progress: Parameterizing module jtag_uart_0
Progress: Adding key [altera_avalon_pio 18.1]
Progress: Parameterizing module key
Progress: Adding keycode [altera_avalon_pio 18.1]
Progress: Parameterizing module keycode
Progress: Adding leds_pio [altera_avalon_pio 18.1]
Progress: Parameterizing module leds_pio
Progress: Adding nios2_gen2_0 [altera_nios2_gen2 18.1]
Progress: Parameterizing module nios2_gen2_0
Progress: Adding sdram [altera_avalon_new_sdram_controller 18.1]
Progress: Parameterizing module sdram
Progress: Adding sdram_pll [altpll 18.1]
Progress: Parameterizing module sdram_pll
Progress: Adding spi_0 [altera_avalon_spi 18.1]
Progress: Parameterizing module spi_0
Progress: Adding sysid_qsys_0 [altera_avalon_sysid_qsys 18.1]
Progress: Parameterizing module sysid_qsys_0
Progress: Adding timer_0 [altera_avalon_timer 18.1]
Progress: Parameterizing module timer_0
Progress: Adding usb_gpx [altera_avalon_pio 18.1]
Progress: Parameterizing module usb_gpx
Progress: Adding usb_irq [altera_avalon_pio 18.1]
Progress: Parameterizing module usb_irq
Progress: Adding usb_rst [altera_avalon_pio 18.1]
Progress: Parameterizing module usb_rst
Progress: Building connections
Progress: Parameterizing connections
Progress: Validating
Progress: Done reading input file
Warning: finalprojectqsys.VGA_text_mode_controller: The SIM_VERILOG fileset must specify the top-level module name.
Info: finalprojectqsys.jtag_uart_0: JTAG UART IP input clock need to be at least double (2x) the operating frequency of JTAG TCK on board
Info: finalprojectqsys.key: PIO inputs are not hardwired in test bench. Undefined values will be read from PIO inputs during simulation.
Info: finalprojectqsys.sdram: SDRAM Controller will only be supported in Quartus Prime Standard Edition in the future release.
Info: finalprojectqsys.sysid_qsys_0: System ID is not assigned automatically. Edit the System ID parameter to provide a unique ID
Info: finalprojectqsys.sysid_qsys_0: Time stamp will be automatically updated when this component is generated.
Info: finalprojectqsys.usb_gpx: PIO inputs are not hardwired in test bench. Undefined values will be read from PIO inputs during simulation.
Info: finalprojectqsys.usb_irq: PIO inputs are not hardwired in test bench. Undefined values will be read from PIO inputs during simulation.
Info: qsys-generate succeeded.
Info: Finished: Create block symbol file (.bsf)
Info: 
Info: Starting: Create HDL design files for synthesis
Info: qsys-generate C:\Users\Boyer\Documents\FinalProject\finalprojectqsys.qsys --synthesis=VERILOG --output-directory=C:\Users\Boyer\Documents\FinalProject\finalprojectqsys\synthesis --family="MAX 10" --part=10M50DAF484C7G
Progress: Loading FinalProject/finalprojectqsys.qsys
Progress: Reading input file
Progress: Adding VGA_text_mode_controller_0 [VGA_text_mode_controller 1.0]
Warning: VGA_text_mode_controller_0: Used VGA_text_mode_controller 1.1 (instead of 1.0)
Progress: Parameterizing module VGA_text_mode_controller_0
Progress: Adding clk_0 [clock_source 18.1]
Progress: Parameterizing module clk_0
Progress: Adding hex_digits_pio [altera_avalon_pio 18.1]
Progress: Parameterizing module hex_digits_pio
Progress: Adding jtag_uart_0 [altera_avalon_jtag_uart 18.1]
Progress: Parameterizing module jtag_uart_0
Progress: Adding key [altera_avalon_pio 18.1]
Progress: Parameterizing module key
Progress: Adding keycode [altera_avalon_pio 18.1]
Progress: Parameterizing module keycode
Progress: Adding leds_pio [altera_avalon_pio 18.1]
Progress: Parameterizing module leds_pio
Progress: Adding nios2_gen2_0 [altera_nios2_gen2 18.1]
Progress: Parameterizing module nios2_gen2_0
Progress: Adding sdram [altera_avalon_new_sdram_controller 18.1]
Progress: Parameterizing module sdram
Progress: Adding sdram_pll [altpll 18.1]
Progress: Parameterizing module sdram_pll
Progress: Adding spi_0 [altera_avalon_spi 18.1]
Progress: Parameterizing module spi_0
Progress: Adding sysid_qsys_0 [altera_avalon_sysid_qsys 18.1]
Progress: Parameterizing module sysid_qsys_0
Progress: Adding timer_0 [altera_avalon_timer 18.1]
Progress: Parameterizing module timer_0
Progress: Adding usb_gpx [altera_avalon_pio 18.1]
Progress: Parameterizing module usb_gpx
Progress: Adding usb_irq [altera_avalon_pio 18.1]
Progress: Parameterizing module usb_irq
Progress: Adding usb_rst [altera_avalon_pio 18.1]
Progress: Parameterizing module usb_rst
Progress: Building connections
Progress: Parameterizing connections
Progress: Validating
Progress: Done reading input file
Warning: finalprojectqsys.VGA_text_mode_controller: The SIM_VERILOG fileset must specify the top-level module name.
Info: finalprojectqsys.jtag_uart_0: JTAG UART IP input clock need to be at least double (2x) the operating frequency of JTAG TCK on board
Info: finalprojectqsys.key: PIO inputs are not hardwired in test bench. Undefined values will be read from PIO inputs during simulation.
Info: finalprojectqsys.sdram: SDRAM Controller will only be supported in Quartus Prime Standard Edition in the future release.
Info: finalprojectqsys.sysid_qsys_0: System ID is not assigned automatically. Edit the System ID parameter to provide a unique ID
Info: finalprojectqsys.sysid_qsys_0: Time stamp will be automatically updated when this component is generated.
Info: finalprojectqsys.usb_gpx: PIO inputs are not hardwired in test bench. Undefined values will be read from PIO inputs during simulation.
Info: finalprojectqsys.usb_irq: PIO inputs are not hardwired in test bench. Undefined values will be read from PIO inputs during simulation.
Info: finalprojectqsys: Generating finalprojectqsys "finalprojectqsys" for QUARTUS_SYNTH
Info: Inserting clock-crossing logic between cmd_demux.src5 and cmd_mux_005.sink0
Info: Inserting clock-crossing logic between cmd_demux_001.src5 and cmd_mux_005.sink1
Info: Inserting clock-crossing logic between rsp_demux_005.src0 and rsp_mux.sink5
Info: Inserting clock-crossing logic between rsp_demux_005.src1 and rsp_mux_001.sink5
Info: VGA_text_mode_controller_0: "finalprojectqsys" instantiated VGA_text_mode_controller "VGA_text_mode_controller_0"
Info: hex_digits_pio: Starting RTL generation for module 'finalprojectqsys_hex_digits_pio'
Info: hex_digits_pio:   Generation command is [exec C:/intelfpga_lite/18.1/quartus/bin64/perl/bin/perl.exe -I C:/intelfpga_lite/18.1/quartus/bin64/perl/lib -I C:/intelfpga_lite/18.1/quartus/sopc_builder/bin/europa -I C:/intelfpga_lite/18.1/quartus/sopc_builder/bin/perl_lib -I C:/intelfpga_lite/18.1/quartus/sopc_builder/bin -I C:/intelfpga_lite/18.1/quartus/../ip/altera/sopc_builder_ip/common -I C:/intelfpga_lite/18.1/quartus/../ip/altera/sopc_builder_ip/altera_avalon_pio -- C:/intelfpga_lite/18.1/quartus/../ip/altera/sopc_builder_ip/altera_avalon_pio/generate_rtl.pl --name=finalprojectqsys_hex_digits_pio --dir=C:/Users/Boyer/AppData/Local/Temp/alt9459_4968831271818657084.dir/0111_hex_digits_pio_gen/ --quartus_dir=C:/intelfpga_lite/18.1/quartus --verilog --config=C:/Users/Boyer/AppData/Local/Temp/alt9459_4968831271818657084.dir/0111_hex_digits_pio_gen//finalprojectqsys_hex_digits_pio_component_configuration.pl  --do_build_sim=0  ]
Info: hex_digits_pio: Done RTL generation for module 'finalprojectqsys_hex_digits_pio'
Info: hex_digits_pio: "finalprojectqsys" instantiated altera_avalon_pio "hex_digits_pio"
Info: jtag_uart_0: Starting RTL generation for module 'finalprojectqsys_jtag_uart_0'
Info: jtag_uart_0:   Generation command is [exec C:/intelfpga_lite/18.1/quartus/bin64/perl/bin/perl.exe -I C:/intelfpga_lite/18.1/quartus/bin64/perl/lib -I C:/intelfpga_lite/18.1/quartus/sopc_builder/bin/europa -I C:/intelfpga_lite/18.1/quartus/sopc_builder/bin/perl_lib -I C:/intelfpga_lite/18.1/quartus/sopc_builder/bin -I C:/intelfpga_lite/18.1/quartus/../ip/altera/sopc_builder_ip/common -I C:/intelfpga_lite/18.1/quartus/../ip/altera/sopc_builder_ip/altera_avalon_jtag_uart -- C:/intelfpga_lite/18.1/quartus/../ip/altera/sopc_builder_ip/altera_avalon_jtag_uart/generate_rtl.pl --name=finalprojectqsys_jtag_uart_0 --dir=C:/Users/Boyer/AppData/Local/Temp/alt9459_4968831271818657084.dir/0112_jtag_uart_0_gen/ --quartus_dir=C:/intelfpga_lite/18.1/quartus --verilog --config=C:/Users/Boyer/AppData/Local/Temp/alt9459_4968831271818657084.dir/0112_jtag_uart_0_gen//finalprojectqsys_jtag_uart_0_component_configuration.pl  --do_build_sim=0  ]
Info: jtag_uart_0: Done RTL generation for module 'finalprojectqsys_jtag_uart_0'
Info: jtag_uart_0: "finalprojectqsys" instantiated altera_avalon_jtag_uart "jtag_uart_0"
Info: key: Starting RTL generation for module 'finalprojectqsys_key'
Info: key:   Generation command is [exec C:/intelfpga_lite/18.1/quartus/bin64/perl/bin/perl.exe -I C:/intelfpga_lite/18.1/quartus/bin64/perl/lib -I C:/intelfpga_lite/18.1/quartus/sopc_builder/bin/europa -I C:/intelfpga_lite/18.1/quartus/sopc_builder/bin/perl_lib -I C:/intelfpga_lite/18.1/quartus/sopc_builder/bin -I C:/intelfpga_lite/18.1/quartus/../ip/altera/sopc_builder_ip/common -I C:/intelfpga_lite/18.1/quartus/../ip/altera/sopc_builder_ip/altera_avalon_pio -- C:/intelfpga_lite/18.1/quartus/../ip/altera/sopc_builder_ip/altera_avalon_pio/generate_rtl.pl --name=finalprojectqsys_key --dir=C:/Users/Boyer/AppData/Local/Temp/alt9459_4968831271818657084.dir/0113_key_gen/ --quartus_dir=C:/intelfpga_lite/18.1/quartus --verilog --config=C:/Users/Boyer/AppData/Local/Temp/alt9459_4968831271818657084.dir/0113_key_gen//finalprojectqsys_key_component_configuration.pl  --do_build_sim=0  ]
Info: key: Done RTL generation for module 'finalprojectqsys_key'
Info: key: "finalprojectqsys" instantiated altera_avalon_pio "key"
Info: keycode: Starting RTL generation for module 'finalprojectqsys_keycode'
Info: keycode:   Generation command is [exec C:/intelfpga_lite/18.1/quartus/bin64/perl/bin/perl.exe -I C:/intelfpga_lite/18.1/quartus/bin64/perl/lib -I C:/intelfpga_lite/18.1/quartus/sopc_builder/bin/europa -I C:/intelfpga_lite/18.1/quartus/sopc_builder/bin/perl_lib -I C:/intelfpga_lite/18.1/quartus/sopc_builder/bin -I C:/intelfpga_lite/18.1/quartus/../ip/altera/sopc_builder_ip/common -I C:/intelfpga_lite/18.1/quartus/../ip/altera/sopc_builder_ip/altera_avalon_pio -- C:/intelfpga_lite/18.1/quartus/../ip/altera/sopc_builder_ip/altera_avalon_pio/generate_rtl.pl --name=finalprojectqsys_keycode --dir=C:/Users/Boyer/AppData/Local/Temp/alt9459_4968831271818657084.dir/0114_keycode_gen/ --quartus_dir=C:/intelfpga_lite/18.1/quartus --verilog --config=C:/Users/Boyer/AppData/Local/Temp/alt9459_4968831271818657084.dir/0114_keycode_gen//finalprojectqsys_keycode_component_configuration.pl  --do_build_sim=0  ]
Info: keycode: Done RTL generation for module 'finalprojectqsys_keycode'
Info: keycode: "finalprojectqsys" instantiated altera_avalon_pio "keycode"
Info: leds_pio: Starting RTL generation for module 'finalprojectqsys_leds_pio'
Info: leds_pio:   Generation command is [exec C:/intelfpga_lite/18.1/quartus/bin64/perl/bin/perl.exe -I C:/intelfpga_lite/18.1/quartus/bin64/perl/lib -I C:/intelfpga_lite/18.1/quartus/sopc_builder/bin/europa -I C:/intelfpga_lite/18.1/quartus/sopc_builder/bin/perl_lib -I C:/intelfpga_lite/18.1/quartus/sopc_builder/bin -I C:/intelfpga_lite/18.1/quartus/../ip/altera/sopc_builder_ip/common -I C:/intelfpga_lite/18.1/quartus/../ip/altera/sopc_builder_ip/altera_avalon_pio -- C:/intelfpga_lite/18.1/quartus/../ip/altera/sopc_builder_ip/altera_avalon_pio/generate_rtl.pl --name=finalprojectqsys_leds_pio --dir=C:/Users/Boyer/AppData/Local/Temp/alt9459_4968831271818657084.dir/0115_leds_pio_gen/ --quartus_dir=C:/intelfpga_lite/18.1/quartus --verilog --config=C:/Users/Boyer/AppData/Local/Temp/alt9459_4968831271818657084.dir/0115_leds_pio_gen//finalprojectqsys_leds_pio_component_configuration.pl  --do_build_sim=0  ]
Info: leds_pio: Done RTL generation for module 'finalprojectqsys_leds_pio'
Info: leds_pio: "finalprojectqsys" instantiated altera_avalon_pio "leds_pio"
Info: nios2_gen2_0: "finalprojectqsys" instantiated altera_nios2_gen2 "nios2_gen2_0"
Info: sdram: Starting RTL generation for module 'finalprojectqsys_sdram'
Info: sdram:   Generation command is [exec C:/intelfpga_lite/18.1/quartus/bin64/perl/bin/perl.exe -I C:/intelfpga_lite/18.1/quartus/bin64/perl/lib -I C:/intelfpga_lite/18.1/quartus/sopc_builder/bin/europa -I C:/intelfpga_lite/18.1/quartus/sopc_builder/bin/perl_lib -I C:/intelfpga_lite/18.1/quartus/sopc_builder/bin -I C:/intelfpga_lite/18.1/quartus/../ip/altera/sopc_builder_ip/common -I C:/intelfpga_lite/18.1/quartus/../ip/altera/sopc_builder_ip/altera_avalon_new_sdram_controller -- C:/intelfpga_lite/18.1/quartus/../ip/altera/sopc_builder_ip/altera_avalon_new_sdram_controller/generate_rtl.pl --name=finalprojectqsys_sdram --dir=C:/Users/Boyer/AppData/Local/Temp/alt9459_4968831271818657084.dir/0116_sdram_gen/ --quartus_dir=C:/intelfpga_lite/18.1/quartus --verilog --config=C:/Users/Boyer/AppData/Local/Temp/alt9459_4968831271818657084.dir/0116_sdram_gen//finalprojectqsys_sdram_component_configuration.pl  --do_build_sim=0  ]
Info: sdram: Done RTL generation for module 'finalprojectqsys_sdram'
Info: sdram: "finalprojectqsys" instantiated altera_avalon_new_sdram_controller "sdram"
Info: sdram_pll: "finalprojectqsys" instantiated altpll "sdram_pll"
Info: spi_0: Starting RTL generation for module 'finalprojectqsys_spi_0'
Info: spi_0:   Generation command is [exec C:/intelfpga_lite/18.1/quartus/bin64/perl/bin/perl.exe -I C:/intelfpga_lite/18.1/quartus/bin64/perl/lib -I C:/intelfpga_lite/18.1/quartus/sopc_builder/bin/europa -I C:/intelfpga_lite/18.1/quartus/sopc_builder/bin/perl_lib -I C:/intelfpga_lite/18.1/quartus/sopc_builder/bin -I C:/intelfpga_lite/18.1/quartus/../ip/altera/sopc_builder_ip/common -I C:/intelfpga_lite/18.1/quartus/../ip/altera/sopc_builder_ip/altera_avalon_spi -- C:/intelfpga_lite/18.1/quartus/../ip/altera/sopc_builder_ip/altera_avalon_spi/generate_rtl.pl --name=finalprojectqsys_spi_0 --dir=C:/Users/Boyer/AppData/Local/Temp/alt9459_4968831271818657084.dir/0119_spi_0_gen/ --quartus_dir=C:/intelfpga_lite/18.1/quartus --verilog --config=C:/Users/Boyer/AppData/Local/Temp/alt9459_4968831271818657084.dir/0119_spi_0_gen//finalprojectqsys_spi_0_component_configuration.pl  --do_build_sim=0  ]
Info: spi_0: Done RTL generation for module 'finalprojectqsys_spi_0'
Info: spi_0: "finalprojectqsys" instantiated altera_avalon_spi "spi_0"
Info: sysid_qsys_0: "finalprojectqsys" instantiated altera_avalon_sysid_qsys "sysid_qsys_0"
Info: timer_0: Starting RTL generation for module 'finalprojectqsys_timer_0'
Info: timer_0:   Generation command is [exec C:/intelFPGA_lite/18.1/quartus/bin64//perl/bin/perl.exe -I C:/intelFPGA_lite/18.1/quartus/bin64//perl/lib -I C:/intelfpga_lite/18.1/quartus/sopc_builder/bin/europa -I C:/intelfpga_lite/18.1/quartus/sopc_builder/bin/perl_lib -I C:/intelfpga_lite/18.1/quartus/sopc_builder/bin -I C:/intelfpga_lite/18.1/quartus/../ip/altera/sopc_builder_ip/common -I C:/intelfpga_lite/18.1/quartus/../ip/altera/sopc_builder_ip/altera_avalon_timer -- C:/intelfpga_lite/18.1/quartus/../ip/altera/sopc_builder_ip/altera_avalon_timer/generate_rtl.pl --name=finalprojectqsys_timer_0 --dir=C:/Users/Boyer/AppData/Local/Temp/alt9459_4968831271818657084.dir/0121_timer_0_gen/ --quartus_dir=C:/intelfpga_lite/18.1/quartus --verilog --config=C:/Users/Boyer/AppData/Local/Temp/alt9459_4968831271818657084.dir/0121_timer_0_gen//finalprojectqsys_timer_0_component_configuration.pl  --do_build_sim=0  ]
Info: timer_0: Done RTL generation for module 'finalprojectqsys_timer_0'
Info: timer_0: "finalprojectqsys" instantiated altera_avalon_timer "timer_0"
Info: usb_gpx: Starting RTL generation for module 'finalprojectqsys_usb_gpx'
Info: usb_gpx:   Generation command is [exec C:/intelfpga_lite/18.1/quartus/bin64/perl/bin/perl.exe -I C:/intelfpga_lite/18.1/quartus/bin64/perl/lib -I C:/intelfpga_lite/18.1/quartus/sopc_builder/bin/europa -I C:/intelfpga_lite/18.1/quartus/sopc_builder/bin/perl_lib -I C:/intelfpga_lite/18.1/quartus/sopc_builder/bin -I C:/intelfpga_lite/18.1/quartus/../ip/altera/sopc_builder_ip/common -I C:/intelfpga_lite/18.1/quartus/../ip/altera/sopc_builder_ip/altera_avalon_pio -- C:/intelfpga_lite/18.1/quartus/../ip/altera/sopc_builder_ip/altera_avalon_pio/generate_rtl.pl --name=finalprojectqsys_usb_gpx --dir=C:/Users/Boyer/AppData/Local/Temp/alt9459_4968831271818657084.dir/0122_usb_gpx_gen/ --quartus_dir=C:/intelfpga_lite/18.1/quartus --verilog --config=C:/Users/Boyer/AppData/Local/Temp/alt9459_4968831271818657084.dir/0122_usb_gpx_gen//finalprojectqsys_usb_gpx_component_configuration.pl  --do_build_sim=0  ]
Info: usb_gpx: Done RTL generation for module 'finalprojectqsys_usb_gpx'
Info: usb_gpx: "finalprojectqsys" instantiated altera_avalon_pio "usb_gpx"
Info: usb_rst: Starting RTL generation for module 'finalprojectqsys_usb_rst'
Info: usb_rst:   Generation command is [exec C:/intelfpga_lite/18.1/quartus/bin64/perl/bin/perl.exe -I C:/intelfpga_lite/18.1/quartus/bin64/perl/lib -I C:/intelfpga_lite/18.1/quartus/sopc_builder/bin/europa -I C:/intelfpga_lite/18.1/quartus/sopc_builder/bin/perl_lib -I C:/intelfpga_lite/18.1/quartus/sopc_builder/bin -I C:/intelfpga_lite/18.1/quartus/../ip/altera/sopc_builder_ip/common -I C:/intelfpga_lite/18.1/quartus/../ip/altera/sopc_builder_ip/altera_avalon_pio -- C:/intelfpga_lite/18.1/quartus/../ip/altera/sopc_builder_ip/altera_avalon_pio/generate_rtl.pl --name=finalprojectqsys_usb_rst --dir=C:/Users/Boyer/AppData/Local/Temp/alt9459_4968831271818657084.dir/0123_usb_rst_gen/ --quartus_dir=C:/intelfpga_lite/18.1/quartus --verilog --config=C:/Users/Boyer/AppData/Local/Temp/alt9459_4968831271818657084.dir/0123_usb_rst_gen//finalprojectqsys_usb_rst_component_configuration.pl  --do_build_sim=0  ]
Info: usb_rst: Done RTL generation for module 'finalprojectqsys_usb_rst'
Info: usb_rst: "finalprojectqsys" instantiated altera_avalon_pio "usb_rst"
Info: avalon_st_adapter: Inserting error_adapter: error_adapter_0
Info: avalon_st_adapter_001: Inserting error_adapter: error_adapter_0
Info: avalon_st_adapter_002: Inserting error_adapter: error_adapter_0
Info: avalon_st_adapter_003: Inserting error_adapter: error_adapter_0
Info: avalon_st_adapter_004: Inserting error_adapter: error_adapter_0
Info: avalon_st_adapter_005: Inserting error_adapter: error_adapter_0
Info: avalon_st_adapter_006: Inserting error_adapter: error_adapter_0
Info: avalon_st_adapter_007: Inserting error_adapter: error_adapter_0
Info: avalon_st_adapter_008: Inserting error_adapter: error_adapter_0
Info: avalon_st_adapter_009: Inserting error_adapter: error_adapter_0
Info: avalon_st_adapter_010: Inserting error_adapter: error_adapter_0
Info: avalon_st_adapter_011: Inserting error_adapter: error_adapter_0
Info: avalon_st_adapter_012: Inserting error_adapter: error_adapter_0
Info: avalon_st_adapter_013: Inserting error_adapter: error_adapter_0
Info: avalon_st_adapter_014: Inserting error_adapter: error_adapter_0
Info: mm_interconnect_0: "finalprojectqsys" instantiated altera_mm_interconnect "mm_interconnect_0"
Info: irq_mapper: "finalprojectqsys" instantiated altera_irq_mapper "irq_mapper"
Info: rst_controller: "finalprojectqsys" instantiated altera_reset_controller "rst_controller"
Info: cpu: Starting RTL generation for module 'finalprojectqsys_nios2_gen2_0_cpu'
Info: cpu:   Generation command is [exec C:/intelFPGA_lite/18.1/quartus/bin64//eperlcmd.exe -I C:/intelFPGA_lite/18.1/quartus/bin64//perl/lib -I C:/intelfpga_lite/18.1/quartus/sopc_builder/bin/europa -I C:/intelfpga_lite/18.1/quartus/sopc_builder/bin/perl_lib -I C:/intelfpga_lite/18.1/quartus/sopc_builder/bin -I C:/intelfpga_lite/18.1/quartus/../ip/altera/nios2_ip/altera_nios2_gen2/cpu_lib -I C:/intelfpga_lite/18.1/quartus/../ip/altera/nios2_ip/altera_nios2_gen2/nios_lib -I C:/intelfpga_lite/18.1/quartus/../ip/altera/nios2_ip/altera_nios2_gen2 -I C:/intelfpga_lite/18.1/quartus/../ip/altera/nios2_ip/altera_nios2_gen2 -- C:/intelfpga_lite/18.1/quartus/../ip/altera/nios2_ip/altera_nios2_gen2/generate_rtl.epl --name=finalprojectqsys_nios2_gen2_0_cpu --dir=C:/Users/Boyer/AppData/Local/Temp/alt9459_4968831271818657084.dir/0126_cpu_gen/ --quartus_bindir=C:/intelFPGA_lite/18.1/quartus/bin64/ --verilog --config=C:/Users/Boyer/AppData/Local/Temp/alt9459_4968831271818657084.dir/0126_cpu_gen//finalprojectqsys_nios2_gen2_0_cpu_processor_configuration.pl  --do_build_sim=0  ]
Info: cpu: # 2023.04.11 23:54:41 (*) Starting Nios II generation
Info: cpu: # 2023.04.11 23:54:41 (*)   Checking for plaintext license.
Info: cpu: # 2023.04.11 23:54:41 (*)   Couldn't query license setup in Quartus directory C:/intelFPGA_lite/18.1/quartus/bin64/
Info: cpu: # 2023.04.11 23:54:41 (*)   Defaulting to contents of LM_LICENSE_FILE environment variable
Info: cpu: # 2023.04.11 23:54:41 (*)   LM_LICENSE_FILE environment variable is empty
Info: cpu: # 2023.04.11 23:54:41 (*)   Plaintext license not found.
Info: cpu: # 2023.04.11 23:54:41 (*)   No license required to generate encrypted Nios II/e.
Info: cpu: # 2023.04.11 23:54:41 (*)   Elaborating CPU configuration settings
Info: cpu: # 2023.04.11 23:54:41 (*)   Creating all objects for CPU
Info: cpu: # 2023.04.11 23:54:43 (*)   Generating RTL from CPU objects
Info: cpu: # 2023.04.11 23:54:43 (*)   Creating plain-text RTL
Info: cpu: # 2023.04.11 23:54:43 (*) Done Nios II generation
Info: cpu: Done RTL generation for module 'finalprojectqsys_nios2_gen2_0_cpu'
Info: cpu: "nios2_gen2_0" instantiated altera_nios2_gen2_unit "cpu"
Info: nios2_gen2_0_data_master_translator: "mm_interconnect_0" instantiated altera_merlin_master_translator "nios2_gen2_0_data_master_translator"
Info: jtag_uart_0_avalon_jtag_slave_translator: "mm_interconnect_0" instantiated altera_merlin_slave_translator "jtag_uart_0_avalon_jtag_slave_translator"
Info: nios2_gen2_0_data_master_agent: "mm_interconnect_0" instantiated altera_merlin_master_agent "nios2_gen2_0_data_master_agent"
Info: jtag_uart_0_avalon_jtag_slave_agent: "mm_interconnect_0" instantiated altera_merlin_slave_agent "jtag_uart_0_avalon_jtag_slave_agent"
Info: jtag_uart_0_avalon_jtag_slave_agent_rsp_fifo: "mm_interconnect_0" instantiated altera_avalon_sc_fifo "jtag_uart_0_avalon_jtag_slave_agent_rsp_fifo"
Info: router: "mm_interconnect_0" instantiated altera_merlin_router "router"
Info: router_002: "mm_interconnect_0" instantiated altera_merlin_router "router_002"
Info: router_007: "mm_interconnect_0" instantiated altera_merlin_router "router_007"
Info: sdram_s1_burst_adapter: "mm_interconnect_0" instantiated altera_merlin_burst_adapter "sdram_s1_burst_adapter"
Info: cmd_demux: "mm_interconnect_0" instantiated altera_merlin_demultiplexer "cmd_demux"
Info: cmd_mux: "mm_interconnect_0" instantiated altera_merlin_multiplexer "cmd_mux"
Info: rsp_demux: "mm_interconnect_0" instantiated altera_merlin_demultiplexer "rsp_demux"
Info: rsp_mux: "mm_interconnect_0" instantiated altera_merlin_multiplexer "rsp_mux"
Info: Reusing file C:/Users/Boyer/Documents/FinalProject/finalprojectqsys/synthesis/submodules/altera_merlin_arbitrator.sv
Info: sdram_s1_rsp_width_adapter: "mm_interconnect_0" instantiated altera_merlin_width_adapter "sdram_s1_rsp_width_adapter"
Info: Reusing file C:/Users/Boyer/Documents/FinalProject/finalprojectqsys/synthesis/submodules/altera_merlin_address_alignment.sv
Info: Reusing file C:/Users/Boyer/Documents/FinalProject/finalprojectqsys/synthesis/submodules/altera_merlin_burst_uncompressor.sv
Info: crosser: "mm_interconnect_0" instantiated altera_avalon_st_handshake_clock_crosser "crosser"
Info: Reusing file C:/Users/Boyer/Documents/FinalProject/finalprojectqsys/synthesis/submodules/altera_avalon_st_pipeline_base.v
Info: avalon_st_adapter: "mm_interconnect_0" instantiated altera_avalon_st_adapter "avalon_st_adapter"
Info: avalon_st_adapter_005: "mm_interconnect_0" instantiated altera_avalon_st_adapter "avalon_st_adapter_005"
Info: error_adapter_0: "avalon_st_adapter" instantiated error_adapter "error_adapter_0"
Info: error_adapter_0: "avalon_st_adapter_005" instantiated error_adapter "error_adapter_0"
Info: finalprojectqsys: Done "finalprojectqsys" with 38 modules, 62 files
Info: qsys-generate succeeded.
Info: Finished: Create HDL design files for synthesis
